#
# A fatal error has been detected by the Java Runtime Environment:
#
#  EXCEPTION_ACCESS_VIOLATION (0xc0000005) at pc=0x00000000709d95f5, pid=3456, tid=4664
#
# JRE version: Java(TM) SE Runtime Environment (7.0_45-b18) (build 1.7.0_45-b18)
# Java VM: Java HotSpot(TM) 64-Bit Server VM (24.45-b08 mixed mode windows-amd64 compressed oops)
# Problematic frame:
# C  [t2k.dll+0x195f5]
#
# Failed to write core dump. Minidumps are not enabled by default on client versions of Windows
#
# If you would like to submit a bug report, please visit:
#   http://bugreport.sun.com/bugreport/crash.jsp
# The crash happened outside the Java Virtual Machine in native code.
# See problematic frame for where to report the bug.
#

---------------  T H R E A D  ---------------

Current thread (0x000000000c29f800):  JavaThread "AWT-EventQueue-0" [_thread_in_native, id=4664, stack(0x0000000010d70000,0x0000000010e70000)]

siginfo: ExceptionCode=0xc0000005, reading address 0xffffffffffffffff

Registers:
RAX=0x0000000000000800, RBX=0x000000000c202530, RCX=0x000000001328d930, RDX=0x00000000133924c0
RSP=0x0000000010e6c620, RBP=0x0000000012f61ba0, RSI=0x0000000013290430, RDI=0x0000000002176140
R8 =0x0000000000000800, R9 =0x000000000c202600, R10=0x0000000000000271, R11=0x000000001328d930
R12=0x0000000010e6c808, R13=0x00000000060b5b23, R14=0x0000000010e6c840, R15=0x0000000010e6c838
RIP=0x00000000709d95f5, EFLAGS=0x0000000000010287

Top of Stack: (sp=0x0000000010e6c620)
0x0000000010e6c620:   0000000010e6c530 0000000000000000
0x0000000010e6c630:   0000000000000000 0000000002630a60
0x0000000010e6c640:   0000000002176140 00000000709ee36f
0x0000000010e6c650:   0000000013290430 0000000073f71da7
0x0000000010e6c660:   000000000c29f800 0000000000000000
0x0000000010e6c670:   0000000000000000 0000000000000000
0x0000000010e6c680:   0000000000000000 0000000000000000
0x0000000010e6c690:   0000000000000000 000000000c29f800
0x0000000010e6c6a0:   0000000000000000 000021342161f998
0x0000000010e6c6b0:   000000000c29f9e8 00000000709ee5f6
0x0000000010e6c6c0:   0000000002176140 0000000002176140
0x0000000010e6c6d0:   0000000012f61ba0 00000000ef9a4644
0x0000000010e6c6e0:   0000000010e6d519 00000000060b5b23
0x0000000010e6c6f0:   000000000c025798 00000000000003d8
0x0000000010e6c700:   0000000000000000 0000000000000000
0x0000000010e6c710:   000000000c29f800 0000000010e6c840 

Instructions: (pc=0x00000000709d95f5)
0x00000000709d95d5:   89 83 88 00 00 00 e8 20 fb ff ff 48 8b 93 00 01
0x00000000709d95e5:   00 00 4c 8d 8b d0 00 00 00 49 8b cb 44 0f b7 c0
0x00000000709d95f5:   ff 93 c8 00 00 00 89 83 e4 00 00 00 48 8b 83 88
0x00000000709d9605:   00 00 00 48 89 43 78 8b 83 e4 00 00 00 e9 ca 00 


Register to memory mapping:

RAX=0x0000000000000800 is an unknown value
RBX=0x000000000c202530 is an unknown value
RCX=0x000000001328d930 is an unknown value
RDX=0x00000000133924c0 is an unknown value
RSP=0x0000000010e6c620 is pointing into the stack for thread: 0x000000000c29f800
RBP=0x0000000012f61ba0 is an unknown value
RSI=0x0000000013290430 is an unknown value
RDI=0x0000000002176140 is an unknown value
R8 =0x0000000000000800 is an unknown value
R9 =0x000000000c202600 is an unknown value
R10=0x0000000000000271 is an unknown value
R11=0x000000001328d930 is an unknown value
R12=0x0000000010e6c808 is pointing into the stack for thread: 0x000000000c29f800
R13=0x00000000060b5b23 is an unknown value
R14=0x0000000010e6c840 is pointing into the stack for thread: 0x000000000c29f800
R15=0x0000000010e6c838 is pointing into the stack for thread: 0x000000000c29f800


Stack: [0x0000000010d70000,0x0000000010e70000],  sp=0x0000000010e6c620,  free space=1009k
Native frames: (J=compiled Java code, j=interpreted, Vv=VM code, C=native code)
C  [t2k.dll+0x195f5]

Java frames: (J=compiled Java code, j=interpreted, Vv=VM code)
j  sun.font.T2KFontScaler.getGlyphMetricsNative(Lsun/font/Font2D;JJILjava/awt/geom/Point2D$Float;)V+0
j  sun.font.T2KFontScaler.getGlyphMetrics(JILjava/awt/geom/Point2D$Float;)V+28
j  sun.font.FileFont.getGlyphMetrics(JILjava/awt/geom/Point2D$Float;)V+8
j  sun.font.FileFontStrike.getGlyphMetrics(IZ)Ljava/awt/geom/Point2D$Float;+201
j  sun.font.FileFontStrike.getGlyphAdvance(IZ)F+221
j  sun.font.FileFontStrike.getGlyphAdvance(I)F+3
j  sun.font.CompositeStrike.getGlyphAdvance(I)F+11
j  sun.font.CompositeStrike.getCodePointAdvance(I)F+12
j  sun.font.FontDesignMetrics.handleCharWidth(I)F+5
j  sun.font.FontDesignMetrics.getLatinCharWidth(C)F+16
j  sun.font.FontDesignMetrics.stringWidth(Ljava/lang/String;)I+92
j  org.rtevo.gui.Renderer.drawInfo()V+296
j  org.rtevo.gui.Renderer.paintComponent(Ljava/awt/Graphics;)V+34
j  javax.swing.JComponent.paint(Ljava/awt/Graphics;)V+286
j  javax.swing.JComponent.paintToOffscreen(Ljava/awt/Graphics;IIIIII)V+41
j  javax.swing.RepaintManager$PaintManager.paintDoubleBuffered(Ljavax/swing/JComponent;Ljava/awt/Image;Ljava/awt/Graphics;IIII)V+163
j  javax.swing.RepaintManager$PaintManager.paint(Ljavax/swing/JComponent;Ljavax/swing/JComponent;Ljava/awt/Graphics;IIII)Z+116
j  javax.swing.RepaintManager.paint(Ljavax/swing/JComponent;Ljavax/swing/JComponent;Ljava/awt/Graphics;IIII)V+52
j  javax.swing.JComponent._paintImmediately(IIII)V+683
j  javax.swing.JComponent.paintImmediately(IIII)V+138
j  javax.swing.RepaintManager$3.run()Ljava/lang/Void;+75
j  javax.swing.RepaintManager$3.run()Ljava/lang/Object;+1
v  ~StubRoutines::call_stub
j  java.security.AccessController.doPrivileged(Ljava/security/PrivilegedAction;Ljava/security/AccessControlContext;)Ljava/lang/Object;+0
j  java.security.ProtectionDomain$1.doIntersectionPrivilege(Ljava/security/PrivilegedAction;Ljava/security/AccessControlContext;Ljava/security/AccessControlContext;)Ljava/lang/Object;+28
j  javax.swing.RepaintManager.paintDirtyRegions(Ljava/util/Map;)V+154
j  javax.swing.RepaintManager.paintDirtyRegions()V+46
j  javax.swing.RepaintManager.prePaintDirtyRegions()V+73
j  javax.swing.RepaintManager.access$1100(Ljavax/swing/RepaintManager;)V+1
j  javax.swing.RepaintManager$ProcessingRunnable.run()V+37
j  java.awt.event.InvocationEvent.dispatch()V+47
j  java.awt.EventQueue.dispatchEventImpl(Ljava/awt/AWTEvent;Ljava/lang/Object;)V+21
j  java.awt.EventQueue.access$200(Ljava/awt/EventQueue;Ljava/awt/AWTEvent;Ljava/lang/Object;)V+3
j  java.awt.EventQueue$3.run()Ljava/lang/Void;+12
j  java.awt.EventQueue$3.run()Ljava/lang/Object;+1
v  ~StubRoutines::call_stub
j  java.security.AccessController.doPrivileged(Ljava/security/PrivilegedAction;Ljava/security/AccessControlContext;)Ljava/lang/Object;+0
j  java.security.ProtectionDomain$1.doIntersectionPrivilege(Ljava/security/PrivilegedAction;Ljava/security/AccessControlContext;Ljava/security/AccessControlContext;)Ljava/lang/Object;+28
j  java.awt.EventQueue.dispatchEvent(Ljava/awt/AWTEvent;)V+46
j  java.awt.EventDispatchThread.pumpOneEventForFilters(I)V+245
j  java.awt.EventDispatchThread.pumpEventsForFilter(ILjava/awt/Conditional;Ljava/awt/EventFilter;)V+35
j  java.awt.EventDispatchThread.pumpEventsForHierarchy(ILjava/awt/Conditional;Ljava/awt/Component;)V+11
j  java.awt.EventDispatchThread.pumpEvents(ILjava/awt/Conditional;)V+4
j  java.awt.EventDispatchThread.pumpEvents(Ljava/awt/Conditional;)V+3
j  java.awt.EventDispatchThread.run()V+9
v  ~StubRoutines::call_stub

---------------  P R O C E S S  ---------------

Java Threads: ( => current thread )
  0x000000000c242000 JavaThread "jobpool-1-thread-4" [_thread_in_Java, id=5868, stack(0x0000000012c30000,0x0000000012d30000)]
  0x000000000c236000 JavaThread "jobpool-1-thread-3" [_thread_in_Java, id=5548, stack(0x00000000128c0000,0x00000000129c0000)]
  0x000000000c235800 JavaThread "jobpool-1-thread-2" [_thread_in_Java, id=6064, stack(0x0000000012a10000,0x0000000012b10000)]
  0x000000000c2a6000 JavaThread "jobpool-1-thread-1" [_thread_in_Java, id=4216, stack(0x00000000127a0000,0x00000000128a0000)]
  0x000000000c233800 JavaThread "D3D Screen Updater" daemon [_thread_blocked, id=4800, stack(0x0000000012050000,0x0000000012150000)]
=>0x000000000c29f800 JavaThread "AWT-EventQueue-0" [_thread_in_native, id=4664, stack(0x0000000010d70000,0x0000000010e70000)]
  0x000000000c281800 JavaThread "AWT-Windows" daemon [_thread_in_native, id=3136, stack(0x000000000df80000,0x000000000e080000)]
  0x000000000c27f000 JavaThread "AWT-Shutdown" [_thread_blocked, id=4060, stack(0x000000000de30000,0x000000000df30000)]
  0x000000000c27e800 JavaThread "Java2D Disposer" daemon [_thread_blocked, id=5464, stack(0x000000000d550000,0x000000000d650000)]
  0x000000000c028000 JavaThread "Service Thread" daemon [_thread_blocked, id=3732, stack(0x000000000db90000,0x000000000dc90000)]
  0x000000000af8c000 JavaThread "C2 CompilerThread1" daemon [_thread_in_native, id=1528, stack(0x000000000d9f0000,0x000000000daf0000)]
  0x000000000af85000 JavaThread "C2 CompilerThread0" daemon [_thread_blocked, id=3636, stack(0x000000000d7e0000,0x000000000d8e0000)]
  0x000000000af83000 JavaThread "Attach Listener" daemon [_thread_blocked, id=5588, stack(0x000000000d6a0000,0x000000000d7a0000)]
  0x000000000af82000 JavaThread "Signal Dispatcher" daemon [_thread_blocked, id=5236, stack(0x000000000d3f0000,0x000000000d4f0000)]
  0x00000000021fd800 JavaThread "Finalizer" daemon [_thread_blocked, id=5796, stack(0x000000000cf70000,0x000000000d070000)]
  0x000000000af70000 JavaThread "Reference Handler" daemon [_thread_blocked, id=4496, stack(0x000000000d260000,0x000000000d360000)]
  0x00000000020fd800 JavaThread "main" [_thread_blocked, id=5728, stack(0x00000000024e0000,0x00000000025e0000)]

Other Threads:
  0x000000000af6d000 VMThread [stack: 0x000000000d100000,0x000000000d200000] [id=5436]
  0x000000000c039000 WatcherThread [stack: 0x000000000dc90000,0x000000000dd90000] [id=4680]

VM state:not at safepoint (normal execution)

VM Mutex/Monitor currently owned by a thread: None

Heap
 PSYoungGen      total 38400K, used 29321K [0x00000007d5d00000, 0x00000007d8780000, 0x0000000800000000)
  eden space 33280K, 88% used [0x00000007d5d00000,0x00000007d79a2708,0x00000007d7d80000)
  from space 5120K, 0% used [0x00000007d8280000,0x00000007d8280000,0x00000007d8780000)
  to   space 5120K, 0% used [0x00000007d7d80000,0x00000007d7d80000,0x00000007d8280000)
 ParOldGen       total 86016K, used 0K [0x0000000781800000, 0x0000000786c00000, 0x00000007d5d00000)
  object space 86016K, 0% used [0x0000000781800000,0x0000000781800000,0x0000000786c00000)
 PSPermGen       total 21504K, used 9725K [0x000000077c600000, 0x000000077db00000, 0x0000000781800000)
  object space 21504K, 45% used [0x000000077c600000,0x000000077cf7f748,0x000000077db00000)

Card table byte_map: [0x00000000055e0000,0x0000000005a00000] byte_map_base: 0x00000000019fd000

Polling page: 0x0000000000220000

Code Cache  [0x00000000025e0000, 0x0000000002850000, 0x00000000055e0000)
 total_blobs=633 nmethods=240 adapters=347 free_code_cache=48003Kb largest_free_block=49131520

Compilation events (10 events):
Event: 3.340 Thread 0x000000000af85000  236             java.util.concurrent.locks.AbstractQueuedSynchronizer::release (33 bytes)
Event: 3.340 Thread 0x000000000af8c000  237             java.util.concurrent.locks.ReentrantLock$Sync::tryRelease (45 bytes)
Event: 3.341 Thread 0x000000000af8c000 nmethod 237 0x00000000026d7b90 code [0x00000000026d7cc0, 0x00000000026d7d78]
Event: 3.343 Thread 0x000000000af85000 nmethod 236 0x0000000002701dd0 code [0x0000000002701f20, 0x0000000002702108]
Event: 3.404 Thread 0x000000000af8c000  238             java.util.concurrent.locks.ReentrantLock::unlock (10 bytes)
Event: 3.407 Thread 0x000000000af8c000 nmethod 238 0x0000000002701950 code [0x0000000002701aa0, 0x0000000002701c48]
Event: 3.484 Thread 0x000000000af85000  239             org.rtevo.common.Vector::<init> (5 bytes)
Event: 3.484 Thread 0x000000000af85000 nmethod 239 0x0000000002701750 code [0x0000000002701880, 0x00000000027018d8]
Event: 3.563 Thread 0x000000000af8c000  240             java.util.ComparableTimSort::mergeHi (716 bytes)
Event: 3.566 Thread 0x000000000af85000  241             sun.font.FontDesignMetrics::initAdvCache (33 bytes)

GC Heap History (0 events):
No events

Deoptimization events (10 events):
Event: 0.888 Thread 0x000000000c236000 Uncommon trap: reason=range_check action=make_not_entrant pc=0x00000000026cda2c method=org.jbox2d.collision.shapes.ChainShape.getChildEdge(Lorg/jbox2d/collision/shapes/EdgeShape;I)V @ 44
Event: 0.888 Thread 0x000000000c236000 Uncommon trap: reason=array_check action=maybe_recompile pc=0x00000000026d31c0 method=java.util.ComparableTimSort.mergeHi(IIII)V @ 91
Event: 0.896 Thread 0x000000000c242000 Uncommon trap: reason=array_check action=maybe_recompile pc=0x00000000026d31c0 method=java.util.ComparableTimSort.mergeHi(IIII)V @ 91
Event: 1.019 Thread 0x00000000020fd800 Uncommon trap: reason=predicate action=maybe_recompile pc=0x00000000026ec478 method=java.util.ComparableTimSort.reverseRange([Ljava/lang/Object;II)V @ 8
Event: 1.067 Thread 0x00000000020fd800 Uncommon trap: reason=array_check action=maybe_recompile pc=0x00000000026eb564 method=java.util.ComparableTimSort.reverseRange([Ljava/lang/Object;II)V @ 20
Event: 1.083 Thread 0x00000000020fd800 Uncommon trap: reason=array_check action=maybe_recompile pc=0x00000000026eb564 method=java.util.ComparableTimSort.reverseRange([Ljava/lang/Object;II)V @ 20
Event: 1.099 Thread 0x00000000020fd800 Uncommon trap: reason=array_check action=maybe_recompile pc=0x00000000026eb564 method=java.util.ComparableTimSort.reverseRange([Ljava/lang/Object;II)V @ 20
Event: 1.115 Thread 0x00000000020fd800 Uncommon trap: reason=array_check action=maybe_recompile pc=0x00000000026eb564 method=java.util.ComparableTimSort.reverseRange([Ljava/lang/Object;II)V @ 20
Event: 1.147 Thread 0x00000000020fd800 Uncommon trap: reason=array_check action=maybe_recompile pc=0x00000000026f7158 method=java.util.ComparableTimSort.reverseRange([Ljava/lang/Object;II)V @ 27
Event: 1.163 Thread 0x00000000020fd800 Uncommon trap: reason=array_check action=maybe_recompile pc=0x00000000026f7158 method=java.util.ComparableTimSort.reverseRange([Ljava/lang/Object;II)V @ 27

Internal exceptions (10 events):
Event: 0.462 Thread 0x000000000c235800 Threw 0x00000007d6a0c070 at C:\re\jdk7u45\229\hotspot\src\share\vm\prims\jvm.cpp:1244
Event: 0.462 Thread 0x000000000c235800 Threw 0x00000007d6a0ee90 at C:\re\jdk7u45\229\hotspot\src\share\vm\prims\jvm.cpp:1244
Event: 0.473 Thread 0x000000000c242000 Threw 0x00000007d68000e8 at C:\re\jdk7u45\229\hotspot\src\share\vm\prims\jvm.cpp:1244
Event: 0.473 Thread 0x000000000c242000 Threw 0x00000007d68036c0 at C:\re\jdk7u45\229\hotspot\src\share\vm\prims\jvm.cpp:1244
Event: 0.474 Thread 0x000000000c242000 Threw 0x00000007d6806ae0 at C:\re\jdk7u45\229\hotspot\src\share\vm\prims\jvm.cpp:1244
Event: 0.475 Thread 0x000000000c242000 Threw 0x00000007d68099b8 at C:\re\jdk7u45\229\hotspot\src\share\vm\prims\jvm.cpp:1244
Event: 0.694 Thread 0x000000000c2a6000 Threw 0x00000007d6c11528 at C:\re\jdk7u45\229\hotspot\src\share\vm\prims\jvm.cpp:1244
Event: 0.742 Thread 0x000000000c242000 Threw 0x00000007d6bf3f60 at C:\re\jdk7u45\229\hotspot\src\share\vm\prims\jvm.cpp:1244
Event: 0.863 Thread 0x00000000020fd800 Implicit null exception at 0x0000000002674b61 to 0x0000000002675c6d
Event: 0.863 Thread 0x000000000c2a6000 Implicit null exception at 0x0000000002674b61 to 0x0000000002675c6d

Events (10 events):
Event: 1.115 Thread 0x00000000020fd800 DEOPT PACKING pc=0x00000000026eb564 sp=0x00000000025df040
Event: 1.115 Thread 0x00000000020fd800 DEOPT UNPACKING pc=0x0000000002619064 sp=0x00000000025def80 mode 2
Event: 1.147 Thread 0x00000000020fd800 Uncommon trap: trap_request=0xffffffd6 fr.pc=0x00000000026f7158
Event: 1.147 Thread 0x00000000020fd800 DEOPT PACKING pc=0x00000000026f7158 sp=0x00000000025df040
Event: 1.147 Thread 0x00000000020fd800 DEOPT UNPACKING pc=0x0000000002619064 sp=0x00000000025def80 mode 2
Event: 1.163 Thread 0x00000000020fd800 Uncommon trap: trap_request=0xffffffd6 fr.pc=0x00000000026f7158
Event: 1.163 Thread 0x00000000020fd800 DEOPT PACKING pc=0x00000000026f7158 sp=0x00000000025df040
Event: 1.163 Thread 0x00000000020fd800 DEOPT UNPACKING pc=0x0000000002619064 sp=0x00000000025def80 mode 2
Event: 3.566 loading class 0x00000000130158f0
Event: 3.566 loading class 0x00000000130158f0 done


Dynamic libraries:
0x000000013f5a0000 - 0x000000013f5d3000 	C:\Program Files\Java\jre7\bin\javaw.exe
0x0000000077bb0000 - 0x0000000077d59000 	C:\Windows\SYSTEM32\ntdll.dll
0x0000000077a90000 - 0x0000000077baf000 	C:\Windows\system32\kernel32.dll
0x000007fefda20000 - 0x000007fefda8b000 	C:\Windows\system32\KERNELBASE.dll
0x000007feffa60000 - 0x000007feffb3b000 	C:\Windows\system32\ADVAPI32.dll
0x000007fefe040000 - 0x000007fefe0df000 	C:\Windows\system32\msvcrt.dll
0x000007fefe1c0000 - 0x000007fefe1df000 	C:\Windows\SYSTEM32\sechost.dll
0x000007feff300000 - 0x000007feff42d000 	C:\Windows\system32\RPCRT4.dll
0x0000000077990000 - 0x0000000077a8a000 	C:\Windows\system32\USER32.dll
0x000007feff9f0000 - 0x000007feffa57000 	C:\Windows\system32\GDI32.dll
0x000007fefe460000 - 0x000007fefe46e000 	C:\Windows\system32\LPK.dll
0x000007feffbf0000 - 0x000007feffcb9000 	C:\Windows\system32\USP10.dll
0x000007fefc3e0000 - 0x000007fefc5d4000 	C:\Windows\WinSxS\amd64_microsoft.windows.common-controls_6595b64144ccf1df_6.0.7601.17514_none_fa396087175ac9ac\COMCTL32.dll
0x000007fefe3e0000 - 0x000007fefe451000 	C:\Windows\system32\SHLWAPI.dll
0x000007feffb40000 - 0x000007feffb6e000 	C:\Windows\system32\IMM32.DLL
0x000007feff640000 - 0x000007feff749000 	C:\Windows\system32\MSCTF.dll
0x0000000074620000 - 0x00000000746f2000 	C:\Program Files\Java\jre7\bin\msvcr100.dll
0x0000000073e50000 - 0x0000000074619000 	C:\Program Files\Java\jre7\bin\server\jvm.dll
0x000007fef5c70000 - 0x000007fef5c79000 	C:\Windows\system32\WSOCK32.dll
0x000007feff9a0000 - 0x000007feff9ed000 	C:\Windows\system32\WS2_32.dll
0x000007feff990000 - 0x000007feff998000 	C:\Windows\system32\NSI.dll
0x000007fefb610000 - 0x000007fefb64b000 	C:\Windows\system32\WINMM.dll
0x0000000077d80000 - 0x0000000077d87000 	C:\Windows\system32\PSAPI.DLL
0x00000000749f0000 - 0x00000000749ff000 	C:\Program Files\Java\jre7\bin\verify.dll
0x00000000749c0000 - 0x00000000749e8000 	C:\Program Files\Java\jre7\bin\java.dll
0x00000000749a0000 - 0x00000000749b5000 	C:\Program Files\Java\jre7\bin\zip.dll
0x000000006fa10000 - 0x000000006fba5000 	C:\Program Files\Java\jre7\bin\awt.dll
0x000007fefe0e0000 - 0x000007fefe1b7000 	C:\Windows\system32\OLEAUT32.dll
0x000007feff430000 - 0x000007feff633000 	C:\Windows\system32\ole32.dll
0x000007fefbcc0000 - 0x000007fefbcd8000 	C:\Windows\system32\DWMAPI.DLL
0x000007fefc0f0000 - 0x000007fefc146000 	C:\Windows\system32\uxtheme.dll
0x000007fefd890000 - 0x000007fefd89f000 	C:\Windows\system32\CRYPTBASE.dll
0x000007feec7f0000 - 0x000007feec9ef000 	C:\Windows\system32\d3d9.dll
0x000007fefcaa0000 - 0x000007fefcaac000 	C:\Windows\system32\VERSION.dll
0x000007fef9600000 - 0x000007fef9607000 	C:\Windows\system32\d3d8thk.dll
0x000007fef5a30000 - 0x000007fef5b61000 	C:\Windows\system32\aticfx64.dll
0x000007fef95c0000 - 0x000007fef95e0000 	C:\Windows\system32\atiu9p64.dll
0x000007feeba60000 - 0x000007feec148000 	C:\Windows\system32\atiumd64.dll
0x000000006b570000 - 0x000000006bbe9000 	C:\Windows\system32\atiumd6a.dll
0x000007fefe4d0000 - 0x000007feff258000 	C:\Windows\system32\SHELL32.dll
0x0000000073740000 - 0x0000000073786000 	C:\Program Files\Java\jre7\bin\fontmanager.dll
0x0000000074c30000 - 0x0000000074c5a000 	C:\Program Files\Java\jre7\bin\dcpr.dll
0x0000000074980000 - 0x0000000074999000 	C:\Program Files\Java\jre7\bin\net.dll
0x000007fefd190000 - 0x000007fefd1e5000 	C:\Windows\system32\mswsock.dll
0x000007fefd180000 - 0x000007fefd187000 	C:\Windows\System32\wship6.dll
0x0000000074960000 - 0x0000000074971000 	C:\Program Files\Java\jre7\bin\nio.dll
0x00000000709c0000 - 0x0000000070a01000 	C:\Program Files\Java\jre7\bin\t2k.dll
0x000007fef80d0000 - 0x000007fef81f5000 	C:\Windows\system32\dbghelp.dll

VM Arguments:
jvm_args: -Dfile.encoding=Cp1252 
java_command: org.rtevo.main.Main
Launcher Type: SUN_STANDARD

Environment Variables:
PATH=C:\cygwin64\bin;C:\Program Files (x86)\NVIDIA Corporation\PhysX\Common;C:\Program Files (x86)\AMD APP\bin\x86_64;C:\Program Files (x86)\AMD APP\bin\x86;C:\Windows\system32;C:\Windows;C:\Windows\System32\Wbem;C:\Windows\System32\WindowsPowerShell\v1.0\;C:\Program Files (x86)\ATI Technologies\ATI.ACE\Core-Static
USERNAME=yannbane
OS=Windows_NT
PROCESSOR_IDENTIFIER=AMD64 Family 21 Model 2 Stepping 0, AuthenticAMD



---------------  S Y S T E M  ---------------

OS: Windows 7 , 64 bit Build 7601 Service Pack 1

CPU:total 8 (8 cores per cpu, 1 threads per core) family 21 model 2 stepping 0, cmov, cx8, fxsr, mmx, sse, sse2, sse3, ssse3, sse4.1, sse4.2, popcnt, avx, aes, mmxext, 3dnowpref, lzcnt, sse4a, tsc, tscinvbit, tscinv

Memory: 4k page, physical 8286552k(5136068k free), swap 8489488k(4954820k free)

vm_info: Java HotSpot(TM) 64-Bit Server VM (24.45-b08) for windows-amd64 JRE (1.7.0_45-b18), built on Oct  8 2013 05:47:22 by "java_re" with unknown MS VC++:1600

time: Mon Feb 03 22:58:41 2014
elapsed time: 3 seconds

